[2021-01-10 09:53:23] local.ERROR: file_put_contents(C:\Users\dany_\Documents\ProyectosUni\proyectoTI279001\ProyectoTecInfo\storage\framework/sessions/odWRw1aHDirljSd7RPoSMZv0hXvcJXWRevmVkgsQ): failed to open stream: No such file or directory {"exception":"[object] (ErrorException(code: 0): file_put_contents(C:\\Users\\dany_\\Documents\\ProyectosUni\\proyectoTI279001\\ProyectoTecInfo\\storage\\framework/sessions/odWRw1aHDirljSd7RPoSMZv0hXvcJXWRevmVkgsQ): failed to open stream: No such file or directory at C:\\Users\\dany_\\Documents\\ProyectosUni\\proyectoTI279001\\ProyectoTecInfoFinal\\vendor\\laravel\\framework\\src\\Illuminate\\Filesystem\\Filesystem.php:122)
[stacktrace]
#0 [internal function]: Illuminate\\Foundation\\Bootstrap\\HandleExceptions->handleError(2, 'file_put_conten...', 'C:\\\\Users\\\\dany_\\\\...', 122, Array)
#1 C:\\Users\\dany_\\Documents\\ProyectosUni\\proyectoTI279001\\ProyectoTecInfoFinal\\vendor\\laravel\\framework\\src\\Illuminate\\Filesystem\\Filesystem.php(122): file_put_contents('C:\\\\Users\\\\dany_\\\\...', 'a:2:{s:6:\"_toke...', 2)
#2 C:\\Users\\dany_\\Documents\\ProyectosUni\\proyectoTI279001\\ProyectoTecInfoFinal\\vendor\\laravel\\framework\\src\\Illuminate\\Session\\FileSessionHandler.php(83): Illuminate\\Filesystem\\Filesystem->put('C:\\\\Users\\\\dany_\\\\...', 'a:2:{s:6:\"_toke...', true)
#3 C:\\Users\\dany_\\Documents\\ProyectosUni\\proyectoTI279001\\ProyectoTecInfoFinal\\vendor\\laravel\\framework\\src\\Illuminate\\Session\\Store.php(129): Illuminate\\Session\\FileSessionHandler->write('odWRw1aHDirljSd...', 'a:2:{s:6:\"_toke...')
#4 C:\\Users\\dany_\\Documents\\ProyectosUni\\proyectoTI279001\\ProyectoTecInfoFinal\\vendor\\laravel\\framework\\src\\Illuminate\\Session\\Middleware\\StartSession.php(170): Illuminate\\Session\\Store->save()
#5 C:\\Users\\dany_\\Documents\\ProyectosUni\\proyectoTI279001\\ProyectoTecInfoFinal\\vendor\\laravel\\framework\\src\\Illuminate\\Session\\Middleware\\StartSession.php(65): Illuminate\\Session\\Middleware\\StartSession->saveSession(Object(Illuminate\\Http\\Request))
#6 C:\\Users\\dany_\\Documents\\ProyectosUni\\proyectoTI279001\\ProyectoTecInfoFinal\\vendor\\laravel\\framework\\src\\Illuminate\\Pipeline\\Pipeline.php(163): Illuminate\\Session\\Middleware\\StartSession->handle(Object(Illuminate\\Http\\Request), Object(Closure))
#7 C:\\Users\\dany_\\Documents\\ProyectosUni\\proyectoTI279001\\ProyectoTecInfoFinal\\vendor\\laravel\\framework\\src\\Illuminate\\Routing\\Pipeline.php(53): Illuminate\\Pipeline\\Pipeline->Illuminate\\Pipeline\\{closure}(Object(Illuminate\\Http\\Request))
#8 C:\\Users\\dany_\\Documents\\ProyectosUni\\proyectoTI279001\\ProyectoTecInfoFinal\\vendor\\laravel\\framework\\src\\Illuminate\\Cookie\\Middleware\\AddQueuedCookiesToResponse.php(37): Illuminate\\Routing\\Pipeline->Illuminate\\Routing\\{closure}(Object(Illuminate\\Http\\Request))
#9 C:\\Users\\dany_\\Documents\\ProyectosUni\\proyectoTI279001\\ProyectoTecInfoFinal\\vendor\\laravel\\framework\\src\\Illuminate\\Pipeline\\Pipeline.php(163): Illuminate\\Cookie\\Middleware\\AddQueuedCookiesToResponse->handle(Object(Illuminate\\Http\\Request), Object(Closure))
#10 C:\\Users\\dany_\\Documents\\ProyectosUni\\proyectoTI279001\\ProyectoTecInfoFinal\\vendor\\laravel\\framework\\src\\Illuminate\\Routing\\Pipeline.php(53): Illuminate\\Pipeline\\Pipeline->Illuminate\\Pipeline\\{closure}(Object(Illuminate\\Http\\Request))
#11 C:\\Users\\dany_\\Documents\\ProyectosUni\\proyectoTI279001\\ProyectoTecInfoFinal\\vendor\\laravel\\framework\\src\\Illuminate\\Cookie\\Middleware\\EncryptCookies.php(66): Illuminate\\Routing\\Pipeline->Illuminate\\Routing\\{closure}(Object(Illuminate\\Http\\Request))
#12 C:\\Users\\dany_\\Documents\\ProyectosUni\\proyectoTI279001\\ProyectoTecInfoFinal\\vendor\\laravel\\framework\\src\\Illuminate\\Pipeline\\Pipeline.php(163): Illuminate\\Cookie\\Middleware\\EncryptCookies->handle(Object(Illuminate\\Http\\Request), Object(Closure))
#13 C:\\Users\\dany_\\Documents\\ProyectosUni\\proyectoTI279001\\ProyectoTecInfoFinal\\vendor\\laravel\\framework\\src\\Illuminate\\Routing\\Pipeline.php(53): Illuminate\\Pipeline\\Pipeline->Illuminate\\Pipeline\\{closure}(Object(Illuminate\\Http\\Request))
#14 C:\\Users\\dany_\\Documents\\ProyectosUni\\proyectoTI279001\\ProyectoTecInfoFinal\\vendor\\laravel\\framework\\src\\Illuminate\\Pipeline\\Pipeline.php(104): Illuminate\\Routing\\Pipeline->Illuminate\\Routing\\{closure}(Object(Illuminate\\Http\\Request))
#15 C:\\Users\\dany_\\Documents\\ProyectosUni\\proyectoTI279001\\ProyectoTecInfoFinal\\vendor\\laravel\\framework\\src\\Illuminate\\Routing\\Router.php(682): Illuminate\\Pipeline\\Pipeline->then(Object(Closure))
#16 C:\\Users\\dany_\\Documents\\ProyectosUni\\proyectoTI279001\\ProyectoTecInfoFinal\\vendor\\laravel\\framework\\src\\Illuminate\\Routing\\Router.php(657): Illuminate\\Routing\\Router->runRouteWithinStack(Object(Illuminate\\Routing\\Route), Object(Illuminate\\Http\\Request))
#17 C:\\Users\\dany_\\Documents\\ProyectosUni\\proyectoTI279001\\ProyectoTecInfoFinal\\vendor\\laravel\\framework\\src\\Illuminate\\Routing\\Router.php(623): Illuminate\\Routing\\Router->runRoute(Object(Illuminate\\Http\\Request), Object(Illuminate\\Routing\\Route))
#18 C:\\Users\\dany_\\Documents\\ProyectosUni\\proyectoTI279001\\ProyectoTecInfoFinal\\vendor\\laravel\\framework\\src\\Illuminate\\Routing\\Router.php(612): Illuminate\\Routing\\Router->dispatchToRoute(Object(Illuminate\\Http\\Request))
#19 C:\\Users\\dany_\\Documents\\ProyectosUni\\proyectoTI279001\\ProyectoTecInfoFinal\\vendor\\laravel\\framework\\src\\Illuminate\\Foundation\\Http\\Kernel.php(176): Illuminate\\Routing\\Router->dispatch(Object(Illuminate\\Http\\Request))
#20 C:\\Users\\dany_\\Documents\\ProyectosUni\\proyectoTI279001\\ProyectoTecInfoFinal\\vendor\\laravel\\framework\\src\\Illuminate\\Routing\\Pipeline.php(30): Illuminate\\Foundation\\Http\\Kernel->Illuminate\\Foundation\\Http\\{closure}(Object(Illuminate\\Http\\Request))
#21 C:\\Users\\dany_\\Documents\\ProyectosUni\\proyectoTI279001\\ProyectoTecInfoFinal\\vendor\\laravel\\framework\\src\\Illuminate\\Foundation\\Http\\Middleware\\TransformsRequest.php(21): Illuminate\\Routing\\Pipeline->Illuminate\\Routing\\{closure}(Object(Illuminate\\Http\\Request))
#22 C:\\Users\\dany_\\Documents\\ProyectosUni\\proyectoTI279001\\ProyectoTecInfoFinal\\vendor\\laravel\\framework\\src\\Illuminate\\Pipeline\\Pipeline.php(163): Illuminate\\Foundation\\Http\\Middleware\\TransformsRequest->handle(Object(Illuminate\\Http\\Request), Object(Closure))
#23 C:\\Users\\dany_\\Documents\\ProyectosUni\\proyectoTI279001\\ProyectoTecInfoFinal\\vendor\\laravel\\framework\\src\\Illuminate\\Routing\\Pipeline.php(53): Illuminate\\Pipeline\\Pipeline->Illuminate\\Pipeline\\{closure}(Object(Illuminate\\Http\\Request))
#24 C:\\Users\\dany_\\Documents\\ProyectosUni\\proyectoTI279001\\ProyectoTecInfoFinal\\vendor\\laravel\\framework\\src\\Illuminate\\Foundation\\Http\\Middleware\\TransformsRequest.php(21): Illuminate\\Routing\\Pipeline->Illuminate\\Routing\\{closure}(Object(Illuminate\\Http\\Request))
#25 C:\\Users\\dany_\\Documents\\ProyectosUni\\proyectoTI279001\\ProyectoTecInfoFinal\\vendor\\laravel\\framework\\src\\Illuminate\\Pipeline\\Pipeline.php(163): Illuminate\\Foundation\\Http\\Middleware\\TransformsRequest->handle(Object(Illuminate\\Http\\Request), Object(Closure))
#26 C:\\Users\\dany_\\Documents\\ProyectosUni\\proyectoTI279001\\ProyectoTecInfoFinal\\vendor\\laravel\\framework\\src\\Illuminate\\Routing\\Pipeline.php(53): Illuminate\\Pipeline\\Pipeline->Illuminate\\Pipeline\\{closure}(Object(Illuminate\\Http\\Request))
#27 C:\\Users\\dany_\\Documents\\ProyectosUni\\proyectoTI279001\\ProyectoTecInfoFinal\\vendor\\laravel\\framework\\src\\Illuminate\\Foundation\\Http\\Middleware\\ValidatePostSize.php(27): Illuminate\\Routing\\Pipeline->Illuminate\\Routing\\{closure}(Object(Illuminate\\Http\\Request))
#28 C:\\Users\\dany_\\Documents\\ProyectosUni\\proyectoTI279001\\ProyectoTecInfoFinal\\vendor\\laravel\\framework\\src\\Illuminate\\Pipeline\\Pipeline.php(163): Illuminate\\Foundation\\Http\\Middleware\\ValidatePostSize->handle(Object(Illuminate\\Http\\Request), Object(Closure))
#29 C:\\Users\\dany_\\Documents\\ProyectosUni\\proyectoTI279001\\ProyectoTecInfoFinal\\vendor\\laravel\\framework\\src\\Illuminate\\Routing\\Pipeline.php(53): Illuminate\\Pipeline\\Pipeline->Illuminate\\Pipeline\\{closure}(Object(Illuminate\\Http\\Request))
#30 C:\\Users\\dany_\\Documents\\ProyectosUni\\proyectoTI279001\\ProyectoTecInfoFinal\\vendor\\laravel\\framework\\src\\Illuminate\\Foundation\\Http\\Middleware\\CheckForMaintenanceMode.php(62): Illuminate\\Routing\\Pipeline->Illuminate\\Routing\\{closure}(Object(Illuminate\\Http\\Request))
#31 C:\\Users\\dany_\\Documents\\ProyectosUni\\proyectoTI279001\\ProyectoTecInfoFinal\\vendor\\laravel\\framework\\src\\Illuminate\\Pipeline\\Pipeline.php(163): Illuminate\\Foundation\\Http\\Middleware\\CheckForMaintenanceMode->handle(Object(Illuminate\\Http\\Request), Object(Closure))
#32 C:\\Users\\dany_\\Documents\\ProyectosUni\\proyectoTI279001\\ProyectoTecInfoFinal\\vendor\\laravel\\framework\\src\\Illuminate\\Routing\\Pipeline.php(53): Illuminate\\Pipeline\\Pipeline->Illuminate\\Pipeline\\{closure}(Object(Illuminate\\Http\\Request))
#33 C:\\Users\\dany_\\Documents\\ProyectosUni\\proyectoTI279001\\ProyectoTecInfoFinal\\vendor\\fideloper\\proxy\\src\\TrustProxies.php(57): Illuminate\\Routing\\Pipeline->Illuminate\\Routing\\{closure}(Object(Illuminate\\Http\\Request))
#34 C:\\Users\\dany_\\Documents\\ProyectosUni\\proyectoTI279001\\ProyectoTecInfoFinal\\vendor\\laravel\\framework\\src\\Illuminate\\Pipeline\\Pipeline.php(163): Fideloper\\Proxy\\TrustProxies->handle(Object(Illuminate\\Http\\Request), Object(Closure))
#35 C:\\Users\\dany_\\Documents\\ProyectosUni\\proyectoTI279001\\ProyectoTecInfoFinal\\vendor\\laravel\\framework\\src\\Illuminate\\Routing\\Pipeline.php(53): Illuminate\\Pipeline\\Pipeline->Illuminate\\Pipeline\\{closure}(Object(Illuminate\\Http\\Request))
#36 C:\\Users\\dany_\\Documents\\ProyectosUni\\proyectoTI279001\\ProyectoTecInfoFinal\\vendor\\laravel\\framework\\src\\Illuminate\\Pipeline\\Pipeline.php(104): Illuminate\\Routing\\Pipeline->Illuminate\\Routing\\{closure}(Object(Illuminate\\Http\\Request))
#37 C:\\Users\\dany_\\Documents\\ProyectosUni\\proyectoTI279001\\ProyectoTecInfoFinal\\vendor\\laravel\\framework\\src\\Illuminate\\Foundation\\Http\\Kernel.php(151): Illuminate\\Pipeline\\Pipeline->then(Object(Closure))
#38 C:\\Users\\dany_\\Documents\\ProyectosUni\\proyectoTI279001\\ProyectoTecInfoFinal\\vendor\\laravel\\framework\\src\\Illuminate\\Foundation\\Http\\Kernel.php(116): Illuminate\\Foundation\\Http\\Kernel->sendRequestThroughRouter(Object(Illuminate\\Http\\Request))
#39 C:\\Users\\dany_\\Documents\\ProyectosUni\\proyectoTI279001\\ProyectoTecInfoFinal\\public\\index.php(55): Illuminate\\Foundation\\Http\\Kernel->handle(Object(Illuminate\\Http\\Request))
#40 C:\\Users\\dany_\\Documents\\ProyectosUni\\proyectoTI279001\\ProyectoTecInfoFinal\\server.php(21): require_once('C:\\\\Users\\\\dany_\\\\...')
#41 {main}
"} 
